

	#########################################
	#                                       #
	# Welcome to APNA tool                  #
	# release-ID 212                        #
	#                                       #
	#########################################


INFO : Checking for valid license
MSG : 000 : starting a fresh session
Usage : apna.lnx.bin                         : inteactive mode
Options available are : [-help]              : print out this help
                        [-win]               : interactive mode with GUI
                        [-init <fileName>]   : batch mode, tcl run file executed after tool invocation
                        [-f <fileName>]      : batch mode, tcl run file executed after tool invocation
                        [-log <fileName>]    : log fileName to be used to capture all messages from the tool
                        [-cmdlog <fileName>] : fileName to store the executed commands
                        [-lic <featureName>] : featureName
cleanup data ... . done 


	#########################################
	#                                       #
	#     Thankyou for using APNA tool      #
	#                                       #
	#########################################


